Build started 12/6/2014 2:16:27 PM.
     1>Project "D:\Projects\ludum_dare_31\LD31\LD31\LD31.vcxproj" on node 2 (Build target(s)).
     1>Link:
         D:\Program Files (x86)\Microsoft Visual Studio 11.0\VC\bin\link.exe /ERRORREPORT:PROMPT /OUT:"D:\Projects\ludum_dare_31\LD31\Debug\LD31.exe" /INCREMENTAL /NOLOGO /LIBPATH:"D:\Projects\ludum_dare_31\ThirdParty\SDL2-2.0.3\lib\x64" /LIBPATH:"D:\Projects\ludum_dare_31\ThirdParty\glew-1.10.0\lib\Release\x64" glew32.lib SDL2main.lib SDL2.lib opengl32.lib kernel32.lib user32.lib gdi32.lib winspool.lib comdlg32.lib advapi32.lib shell32.lib ole32.lib oleaut32.lib uuid.lib odbc32.lib odbccp32.lib /MANIFEST /MANIFESTUAC:"level='asInvoker' uiAccess='false'" /manifest:embed /DEBUG /PDB:"D:\Projects\ludum_dare_31\LD31\Debug\LD31.pdb" /SUBSYSTEM:CONSOLE /TLBID:1 /DYNAMICBASE /NXCOMPAT /IMPLIB:"D:\Projects\ludum_dare_31\LD31\Debug\LD31.lib" /MACHINE:X86 Debug\Component.obj
         Debug\Configuration.obj
         Debug\Entity.obj
         Debug\InputHandler.obj
         Debug\Loader.obj
         Debug\LudumGame.obj
         Debug\main.obj
         Debug\Mesh.obj
         Debug\RenderComponent.obj
         Debug\ShaderProgram.obj
     1>LudumGame.obj : error LNK2019: unresolved external symbol __imp__glewInit@0 referenced in function "public: void __thiscall LudumGame::Init(void)" (?Init@LudumGame@@QAEXXZ)
     1>LudumGame.obj : error LNK2019: unresolved external symbol __imp__glewGetExtension@4 referenced in function "public: void __thiscall LudumGame::Init(void)" (?Init@LudumGame@@QAEXXZ)
     1>LudumGame.obj : error LNK2019: unresolved external symbol _SDL_memset referenced in function "public: void __thiscall LudumGame::HandleEvents(void)" (?HandleEvents@LudumGame@@QAEXXZ)
     1>LudumGame.obj : error LNK2019: unresolved external symbol _SDL_CreateWindow referenced in function "public: void __thiscall LudumGame::Init(void)" (?Init@LudumGame@@QAEXXZ)
     1>LudumGame.obj : error LNK2019: unresolved external symbol _SDL_GL_SetAttribute referenced in function "public: void __thiscall LudumGame::Init(void)" (?Init@LudumGame@@QAEXXZ)
     1>LudumGame.obj : error LNK2019: unresolved external symbol _SDL_GL_CreateContext referenced in function "public: void __thiscall LudumGame::Init(void)" (?Init@LudumGame@@QAEXXZ)
     1>LudumGame.obj : error LNK2019: unresolved external symbol _SDL_GL_SetSwapInterval referenced in function "public: void __thiscall LudumGame::Init(void)" (?Init@LudumGame@@QAEXXZ)
     1>LudumGame.obj : error LNK2019: unresolved external symbol _SDL_GL_SwapWindow referenced in function "public: void __thiscall LudumGame::Render(float)" (?Render@LudumGame@@QAEXM@Z)
     1>LudumGame.obj : error LNK2019: unresolved external symbol _SDL_PollEvent referenced in function "public: void __thiscall LudumGame::HandleEvents(void)" (?HandleEvents@LudumGame@@QAEXXZ)
     1>LudumGame.obj : error LNK2019: unresolved external symbol _SDL_Init referenced in function "public: void __thiscall LudumGame::Init(void)" (?Init@LudumGame@@QAEXXZ)
     1>LudumGame.obj : error LNK2001: unresolved external symbol __imp____glewBindVertexArray
     1>LudumGame.obj : error LNK2001: unresolved external symbol __imp____glewGenVertexArrays
     1>LudumGame.obj : error LNK2001: unresolved external symbol __imp__glewExperimental
     1>Mesh.obj : error LNK2001: unresolved external symbol __imp____glewBindBuffer
     1>Mesh.obj : error LNK2001: unresolved external symbol __imp____glewBufferData
     1>Mesh.obj : error LNK2001: unresolved external symbol __imp____glewGenBuffers
     1>Mesh.obj : error LNK2001: unresolved external symbol __imp____glewDisableVertexAttribArray
     1>Mesh.obj : error LNK2001: unresolved external symbol __imp____glewEnableVertexAttribArray
     1>Mesh.obj : error LNK2001: unresolved external symbol __imp____glewUniformMatrix4fv
     1>Mesh.obj : error LNK2001: unresolved external symbol __imp____glewVertexAttribPointer
     1>ShaderProgram.obj : error LNK2001: unresolved external symbol __imp____glewAttachShader
     1>ShaderProgram.obj : error LNK2001: unresolved external symbol __imp____glewCompileShader
     1>ShaderProgram.obj : error LNK2001: unresolved external symbol __imp____glewCreateProgram
     1>ShaderProgram.obj : error LNK2001: unresolved external symbol __imp____glewCreateShader
     1>ShaderProgram.obj : error LNK2001: unresolved external symbol __imp____glewDeleteProgram
     1>ShaderProgram.obj : error LNK2001: unresolved external symbol __imp____glewGetProgramInfoLog
     1>ShaderProgram.obj : error LNK2001: unresolved external symbol __imp____glewGetProgramiv
     1>ShaderProgram.obj : error LNK2001: unresolved external symbol __imp____glewGetShaderInfoLog
     1>ShaderProgram.obj : error LNK2001: unresolved external symbol __imp____glewGetShaderiv
     1>ShaderProgram.obj : error LNK2001: unresolved external symbol __imp____glewGetUniformLocation
     1>ShaderProgram.obj : error LNK2001: unresolved external symbol __imp____glewLinkProgram
     1>ShaderProgram.obj : error LNK2001: unresolved external symbol __imp____glewShaderSource
     1>ShaderProgram.obj : error LNK2001: unresolved external symbol __imp____glewUseProgram
     1>MSVCRTD.lib(crtexe.obj) : error LNK2019: unresolved external symbol _main referenced in function ___tmainCRTStartup
     1>D:\Projects\ludum_dare_31\LD31\Debug\LD31.exe : fatal error LNK1120: 34 unresolved externals
     1>Done Building Project "D:\Projects\ludum_dare_31\LD31\LD31\LD31.vcxproj" (Build target(s)) -- FAILED.

Build FAILED.

Time Elapsed 00:00:00.41
